# JRE version: Java(TM) SE Runtime Environment (8.0_101-b13) (build 1.8.0_101-b13)
# Java VM: Java HotSpot(TM) 64-Bit Server VM (25.101-b13 mixed mode windows-amd64 compressed oops)
Heap:
 PSYoungGen      total 441344K, used 22074K [0x000000076b000000, 0x000000078d700000, 0x00000007c0000000)
  eden space 399872K, 2% used [0x000000076b000000,0x000000076b8a6188,0x0000000783680000)
  from space 41472K, 31% used [0x0000000783680000,0x00000007843687d0,0x0000000785f00000)
  to   space 39936K, 0% used [0x000000078b000000,0x000000078b000000,0x000000078d700000)
 ParOldGen       total 262144K, used 103608K [0x00000006c1000000, 0x00000006d1000000, 0x000000076b000000)
  object space 262144K, 39% used [0x00000006c1000000,0x00000006c752e238,0x00000006d1000000)
 Metaspace       used 42184K, capacity 42729K, committed 43096K, reserved 1087488K
  class space    used 5558K, capacity 5738K, committed 5760K, reserved 1048576K
GC Heap History (10 events):
Event: 6.094 GC heap before
{Heap before GC invocations=11 (full 2):
 PSYoungGen      total 248832K, used 215552K [0x000000076b000000, 0x000000077d100000, 0x00000007c0000000)
  eden space 215552K, 100% used [0x000000076b000000,0x0000000778280000,0x0000000778280000)
  from space 33280K, 0% used [0x000000077a780000,0x000000077a780000,0x000000077c800000)
  to   space 37888K, 0% used [0x0000000778280000,0x0000000778280000,0x000000077a780000)
 ParOldGen       total 148480K, used 45340K [0x00000006c1000000, 0x00000006ca100000, 0x000000076b000000)
  object space 148480K, 30% used [0x00000006c1000000,0x00000006c3c47310,0x00000006ca100000)
 Metaspace       used 24780K, capacity 25148K, committed 25560K, reserved 1071104K
  class space    used 3110K, capacity 3217K, committed 3328K, reserved 1048576K
Event: 6.111 GC heap after
Heap after GC invocations=11 (full 2):
 PSYoungGen      total 253440K, used 12247K [0x000000076b000000, 0x0000000785100000, 0x00000007c0000000)
  eden space 215552K, 0% used [0x000000076b000000,0x000000076b000000,0x0000000778280000)
  from space 37888K, 32% used [0x0000000778280000,0x0000000778e75db8,0x000000077a780000)
  to   space 36352K, 0% used [0x0000000782d80000,0x0000000782d80000,0x0000000785100000)
 ParOldGen       total 148480K, used 45348K [0x00000006c1000000, 0x00000006ca100000, 0x000000076b000000)
  object space 148480K, 30% used [0x00000006c1000000,0x00000006c3c49310,0x00000006ca100000)
 Metaspace       used 24780K, capacity 25148K, committed 25560K, reserved 1071104K
  class space    used 3110K, capacity 3217K, committed 3328K, reserved 1048576K
}
Event: 6.725 GC heap before
{Heap before GC invocations=12 (full 2):
 PSYoungGen      total 253440K, used 227799K [0x000000076b000000, 0x0000000785100000, 0x00000007c0000000)
  eden space 215552K, 100% used [0x000000076b000000,0x0000000778280000,0x0000000778280000)
  from space 37888K, 32% used [0x0000000778280000,0x0000000778e75db8,0x000000077a780000)
  to   space 36352K, 0% used [0x0000000782d80000,0x0000000782d80000,0x0000000785100000)
 ParOldGen       total 148480K, used 45348K [0x00000006c1000000, 0x00000006ca100000, 0x000000076b000000)
  object space 148480K, 30% used [0x00000006c1000000,0x00000006c3c49310,0x00000006ca100000)
 Metaspace       used 27346K, capacity 27746K, committed 28120K, reserved 1073152K
  class space    used 3655K, capacity 3762K, committed 3840K, reserved 1048576K
Event: 6.743 GC heap after
Heap after GC invocations=12 (full 2):
 PSYoungGen      total 319488K, used 21690K [0x000000076b000000, 0x0000000784300000, 0x00000007c0000000)
  eden space 297472K, 0% used [0x000000076b000000,0x000000076b000000,0x000000077d280000)
  from space 22016K, 98% used [0x0000000782d80000,0x00000007842aea48,0x0000000784300000)
  to   space 36352K, 0% used [0x000000077fc00000,0x000000077fc00000,0x0000000781f80000)
 ParOldGen       total 148480K, used 45356K [0x00000006c1000000, 0x00000006ca100000, 0x000000076b000000)
  object space 148480K, 30% used [0x00000006c1000000,0x00000006c3c4b310,0x00000006ca100000)
 Metaspace       used 27346K, capacity 27746K, committed 28120K, reserved 1073152K
  class space    used 3655K, capacity 3762K, committed 3840K, reserved 1048576K
}
Event: 8.785 GC heap before
{Heap before GC invocations=13 (full 2):
 PSYoungGen      total 319488K, used 319162K [0x000000076b000000, 0x0000000784300000, 0x00000007c0000000)
  eden space 297472K, 100% used [0x000000076b000000,0x000000077d280000,0x000000077d280000)
  from space 22016K, 98% used [0x0000000782d80000,0x00000007842aea48,0x0000000784300000)
  to   space 36352K, 0% used [0x000000077fc00000,0x000000077fc00000,0x0000000781f80000)
 ParOldGen       total 148480K, used 45356K [0x00000006c1000000, 0x00000006ca100000, 0x000000076b000000)
  object space 148480K, 30% used [0x00000006c1000000,0x00000006c3c4b310,0x00000006ca100000)
 Metaspace       used 34508K, capacity 34903K, committed 35288K, reserved 1079296K
  class space    used 4646K, capacity 4817K, committed 4864K, reserved 1048576K
Event: 8.811 GC heap after
Heap after GC invocations=13 (full 2):
 PSYoungGen      total 376320K, used 26518K [0x000000076b000000, 0x0000000788400000, 0x00000007c0000000)
  eden space 339968K, 0% used [0x000000076b000000,0x000000076b000000,0x000000077fc00000)
  from space 36352K, 72% used [0x000000077fc00000,0x00000007815e59a0,0x0000000781f80000)
  to   space 37888K, 0% used [0x0000000785f00000,0x0000000785f00000,0x0000000788400000)
 ParOldGen       total 148480K, used 55198K [0x00000006c1000000, 0x00000006ca100000, 0x000000076b000000)
  object space 148480K, 37% used [0x00000006c1000000,0x00000006c45e78a0,0x00000006ca100000)
 Metaspace       used 34508K, capacity 34903K, committed 35288K, reserved 1079296K
  class space    used 4646K, capacity 4817K, committed 4864K, reserved 1048576K
}
Event: 10.317 GC heap before
{Heap before GC invocations=14 (full 2):
 PSYoungGen      total 376320K, used 239845K [0x000000076b000000, 0x0000000788400000, 0x00000007c0000000)
  eden space 339968K, 62% used [0x000000076b000000,0x0000000778053d80,0x000000077fc00000)
  from space 36352K, 72% used [0x000000077fc00000,0x00000007815e59a0,0x0000000781f80000)
  to   space 37888K, 0% used [0x0000000785f00000,0x0000000785f00000,0x0000000788400000)
 ParOldGen       total 148480K, used 55198K [0x00000006c1000000, 0x00000006ca100000, 0x000000076b000000)
  object space 148480K, 37% used [0x00000006c1000000,0x00000006c45e78a0,0x00000006ca100000)
 Metaspace       used 35949K, capacity 36321K, committed 36628K, reserved 1081344K
  class space    used 4810K, capacity 4948K, committed 4992K, reserved 1048576K
Event: 10.358 GC heap after
Heap after GC invocations=14 (full 2):
 PSYoungGen      total 437760K, used 32394K [0x000000076b000000, 0x000000078c300000, 0x00000007c0000000)
  eden space 399872K, 0% used [0x000000076b000000,0x000000076b000000,0x0000000783680000)
  from space 37888K, 85% used [0x0000000785f00000,0x0000000787ea2a40,0x0000000788400000)
  to   space 41472K, 0% used [0x0000000783680000,0x0000000783680000,0x0000000785f00000)
 ParOldGen       total 148480K, used 74540K [0x00000006c1000000, 0x00000006ca100000, 0x000000076b000000)
  object space 148480K, 50% used [0x00000006c1000000,0x00000006c58cb328,0x00000006ca100000)
 Metaspace       used 35949K, capacity 36321K, committed 36628K, reserved 1081344K
  class space    used 4810K, capacity 4948K, committed 4992K, reserved 1048576K
}
Event: 10.358 GC heap before
{Heap before GC invocations=15 (full 3):
 PSYoungGen      total 437760K, used 32394K [0x000000076b000000, 0x000000078c300000, 0x00000007c0000000)
  eden space 399872K, 0% used [0x000000076b000000,0x000000076b000000,0x0000000783680000)
  from space 37888K, 85% used [0x0000000785f00000,0x0000000787ea2a40,0x0000000788400000)
  to   space 41472K, 0% used [0x0000000783680000,0x0000000783680000,0x0000000785f00000)
 ParOldGen       total 148480K, used 74540K [0x00000006c1000000, 0x00000006ca100000, 0x000000076b000000)
  object space 148480K, 50% used [0x00000006c1000000,0x00000006c58cb328,0x00000006ca100000)
 Metaspace       used 35949K, capacity 36321K, committed 36628K, reserved 1081344K
  class space    used 4810K, capacity 4948K, committed 4992K, reserved 1048576K
Event: 10.703 GC heap after
Heap after GC invocations=15 (full 3):
 PSYoungGen      total 437760K, used 0K [0x000000076b000000, 0x000000078c300000, 0x00000007c0000000)
  eden space 399872K, 0% used [0x000000076b000000,0x000000076b000000,0x0000000783680000)
  from space 37888K, 0% used [0x0000000785f00000,0x0000000785f00000,0x0000000788400000)
  to   space 41472K, 0% used [0x0000000783680000,0x0000000783680000,0x0000000785f00000)
 ParOldGen       total 262144K, used 103600K [0x00000006c1000000, 0x00000006d1000000, 0x000000076b000000)
  object space 262144K, 39% used [0x00000006c1000000,0x00000006c752c238,0x00000006d1000000)
 Metaspace       used 35949K, capacity 36321K, committed 36628K, reserved 1081344K
  class space    used 4810K, capacity 4948K, committed 4992K, reserved 1048576K
}

